<?xml version="1.0" encoding="UTF-8"?>
<!-- Generated by org.testng.reporters.JUnitXMLReporter -->
<testsuite hostname="SourabhSK" ignored="0" name="Test" tests="26" failures="4" timestamp="2021-12-07T16:49:00 IST" time="383.9" errors="0">
  <testcase name="ValidateLoginwithInvalidMobile" time="0.713" classname="com.tetscases.LoginPageTest"/>
  <testcase name="validateLoginwithValidMobileInvalidOtp" time="13.041" classname="com.tetscases.LoginPageTest"/>
  <testcase name="ValidateLoginwithValidMobileValidOtp" time="13.578" classname="com.tetscases.LoginPageTest"/>
  <testcase name="validatingFlightSearchTest" time="7.177" classname="com.tetscases.FlightSearchingTest"/>
  <testcase name="validatingInvalidSearchTest" time="5.109" classname="com.tetscases.FlightSearchingTest"/>
  <testcase name="validatingFromSearchTest" time="5.17" classname="com.tetscases.FlightSearchingTest"/>
  <testcase name="validatingDestinationTest" time="5.111" classname="com.tetscases.FlightSearchingTest"/>
  <testcase name="validingSameSearchTest" time="5.079" classname="com.tetscases.FlightSearchingTest"/>
  <testcase name="validatingSearchTest" time="4.89" classname="com.tetscases.FlightSearchingTest"/>
  <testcase name="validatingBookButtonTest" time="8.272" classname="com.tetscases.FlightSearchingTest"/>
  <testcase name="validatingPersonalDeatilsTest" time="13.014" classname="com.tetscases.FlightSearchingTest"/>
  <testcase name="validatingInvalidDetailsTest" time="9.934" classname="com.tetscases.FlightSearchingTest"/>
  <testcase name="validatingPaymentPageTest" time="10.439" classname="com.tetscases.FlightSearchingTest"/>
  <testcase name="ValidateSignUpwithInvalidMobile" time="0.709" classname="com.tetscases.SignupTest"/>
  <testcase name="validateSignUpwithValidMobileInvalidOtp" time="8.482" classname="com.tetscases.SignupTest"/>
  <testcase name="ValidateSignUpwithValidMobileValidOtp" time="20.916" classname="com.tetscases.SignupTest"/>
  <testcase name="valiadteTitle" time="0.314" classname="com.tetscases.HotelTest"/>
  <testcase name="searchfieldTest" time="0.344" classname="com.tetscases.HotelTest"/>
  <testcase name="valiadteinputTest" time="2.923" classname="com.tetscases.HotelTest"/>
  <testcase name="invaliadteinputTest" time="0.645" classname="com.tetscases.HotelTest"/>
  <testcase name="noinputTest" time="0.386" classname="com.tetscases.HotelTest"/>
  <testcase name="selecthotel" time="10.187" classname="com.tetscases.HotelTest"/>
  <testcase name="bookinghotelTest" time="16.681" classname="com.tetscases.HotelTest">
    <failure type="java.lang.IllegalArgumentException" message="Keys to send should be a not null CharSequence">
      <![CDATA[java.lang.IllegalArgumentException: Keys to send should be a not null CharSequence
at org.openqa.selenium.remote.RemoteWebElement.sendKeys(RemoteWebElement.java:97)
at com.pages.Hotelpage.booking(Hotelpage.java:82)
at com.pages.Hotelpage.bookingHotel(Hotelpage.java:91)
at com.tetscases.HotelTest.bookinghotelTest(HotelTest.java:103)
at java.util.ArrayList.forEach(Unknown Source)
... Removed 27 stack frames]]>
    </failure>
  </testcase> <!-- bookinghotelTest -->
  <testcase name="bookinghotelTestwithinvalidemail" time="19.453" classname="com.tetscases.HotelTest">
    <failure type="org.openqa.selenium.NoSuchElementException" message="no such element: Unable to locate element: {&amp;quot;method&amp;quot;:&amp;quot;xpath&amp;quot;,&amp;quot;selector&amp;quot;:&amp;quot;//button[@class=&amp;apos;dwebCommonstyles_ButtonBase-sc-112ty3f-10 GuestDetailsBlockstyles_CustomButton-sc-1rzm4ar-6 KETBj blGWwt&amp;apos;]&amp;quot;}
  (Session info: chrome=96.0.4664.45)
For documentation on this error, please visit: https://www.seleniumhq.org/exceptions/no_such_element.html
Build info: version: &amp;apos;3.141.59&amp;apos;, revision: &amp;apos;e82be7d358&amp;apos;, time: &amp;apos;2018-11-14T08:17:03&amp;apos;
System info: host: &amp;apos;SOURABHSK&amp;apos;, ip: &amp;apos;192.168.0.105&amp;apos;, os.name: &amp;apos;Windows 10&amp;apos;, os.arch: &amp;apos;amd64&amp;apos;, os.version: &amp;apos;10.0&amp;apos;, java.version: &amp;apos;1.8.0_311&amp;apos;
Driver info: org.openqa.selenium.chrome.ChromeDriver
Capabilities {acceptInsecureCerts: false, browserName: chrome, browserVersion: 96.0.4664.45, chrome: {chromedriverVersion: 96.0.4664.45 (76e4c1bb2ab46..., userDataDir: C:\Users\91959\AppData\Loca...}, goog:chromeOptions: {debuggerAddress: localhost:54039}, javascriptEnabled: true, networkConnectionEnabled: false, pageLoadStrategy: normal, platform: WINDOWS, platformName: WINDOWS, proxy: Proxy(), setWindowRect: true, strictFileInteractability: false, timeouts: {implicit: 0, pageLoad: 300000, script: 30000}, unhandledPromptBehavior: dismiss and notify, webauthn:extension:credBlob: true, webauthn:extension:largeBlob: true, webauthn:virtualAuthenticators: true}
Session ID: 9680355b7b40020fc86f255c0dc04c77
*** Element info: {Using=xpath, value=//button[@class=&amp;apos;dwebCommonstyles_ButtonBase-sc-112ty3f-10 GuestDetailsBlockstyles_CustomButton-sc-1rzm4ar-6 KETBj blGWwt&amp;apos;]}">
      <![CDATA[org.openqa.selenium.NoSuchElementException: no such element: Unable to locate element: {"method":"xpath","selector":"//button[@class='dwebCommonstyles_ButtonBase-sc-112ty3f-10 GuestDetailsBlockstyles_CustomButton-sc-1rzm4ar-6 KETBj blGWwt']"}
  (Session info: chrome=96.0.4664.45)
For documentation on this error, please visit: https://www.seleniumhq.org/exceptions/no_such_element.html
Build info: version: '3.141.59', revision: 'e82be7d358', time: '2018-11-14T08:17:03'
System info: host: 'SOURABHSK', ip: '192.168.0.105', os.name: 'Windows 10', os.arch: 'amd64', os.version: '10.0', java.version: '1.8.0_311'
Driver info: org.openqa.selenium.chrome.ChromeDriver
Capabilities {acceptInsecureCerts: false, browserName: chrome, browserVersion: 96.0.4664.45, chrome: {chromedriverVersion: 96.0.4664.45 (76e4c1bb2ab46..., userDataDir: C:\Users\91959\AppData\Loca...}, goog:chromeOptions: {debuggerAddress: localhost:54039}, javascriptEnabled: true, networkConnectionEnabled: false, pageLoadStrategy: normal, platform: WINDOWS, platformName: WINDOWS, proxy: Proxy(), setWindowRect: true, strictFileInteractability: false, timeouts: {implicit: 0, pageLoad: 300000, script: 30000}, unhandledPromptBehavior: dismiss and notify, webauthn:extension:credBlob: true, webauthn:extension:largeBlob: true, webauthn:virtualAuthenticators: true}
Session ID: 9680355b7b40020fc86f255c0dc04c77
*** Element info: {Using=xpath, value=//button[@class='dwebCommonstyles_ButtonBase-sc-112ty3f-10 GuestDetailsBlockstyles_CustomButton-sc-1rzm4ar-6 KETBj blGWwt']}
at org.openqa.selenium.remote.http.W3CHttpResponseCodec.createException(W3CHttpResponseCodec.java:187)
at org.openqa.selenium.remote.http.W3CHttpResponseCodec.decode(W3CHttpResponseCodec.java:122)
at org.openqa.selenium.remote.http.W3CHttpResponseCodec.decode(W3CHttpResponseCodec.java:49)
at org.openqa.selenium.remote.HttpCommandExecutor.execute(HttpCommandExecutor.java:158)
at org.openqa.selenium.remote.service.DriverCommandExecutor.execute(DriverCommandExecutor.java:83)
at org.openqa.selenium.remote.RemoteWebDriver.execute(RemoteWebDriver.java:552)
at org.openqa.selenium.remote.RemoteWebDriver.findElement(RemoteWebDriver.java:323)
at org.openqa.selenium.remote.RemoteWebDriver.findElementByXPath(RemoteWebDriver.java:428)
at org.openqa.selenium.By$ByXPath.findElement(By.java:353)
at org.openqa.selenium.remote.RemoteWebDriver.findElement(RemoteWebDriver.java:315)
at com.pages.Hotelpage.booking(Hotelpage.java:83)
at com.pages.Hotelpage.bookingHotelinvalidemailid(Hotelpage.java:105)
at com.tetscases.HotelTest.bookinghotelTestwithinvalidemail(HotelTest.java:116)
at java.util.ArrayList.forEach(Unknown Source)
... Removed 31 stack frames]]>
    </failure>
  </testcase> <!-- bookinghotelTestwithinvalidemail -->
  <testcase name="bookinghotelTestwithinvalidnumber" time="19.691" classname="com.tetscases.HotelTest">
    <failure type="org.openqa.selenium.NoSuchElementException" message="no such element: Unable to locate element: {&amp;quot;method&amp;quot;:&amp;quot;xpath&amp;quot;,&amp;quot;selector&amp;quot;:&amp;quot;//button[@class=&amp;apos;dwebCommonstyles_ButtonBase-sc-112ty3f-10 GuestDetailsBlockstyles_CustomButton-sc-1rzm4ar-6 KETBj blGWwt&amp;apos;]&amp;quot;}
  (Session info: chrome=96.0.4664.45)
For documentation on this error, please visit: https://www.seleniumhq.org/exceptions/no_such_element.html
Build info: version: &amp;apos;3.141.59&amp;apos;, revision: &amp;apos;e82be7d358&amp;apos;, time: &amp;apos;2018-11-14T08:17:03&amp;apos;
System info: host: &amp;apos;SOURABHSK&amp;apos;, ip: &amp;apos;192.168.0.105&amp;apos;, os.name: &amp;apos;Windows 10&amp;apos;, os.arch: &amp;apos;amd64&amp;apos;, os.version: &amp;apos;10.0&amp;apos;, java.version: &amp;apos;1.8.0_311&amp;apos;
Driver info: org.openqa.selenium.chrome.ChromeDriver
Capabilities {acceptInsecureCerts: false, browserName: chrome, browserVersion: 96.0.4664.45, chrome: {chromedriverVersion: 96.0.4664.45 (76e4c1bb2ab46..., userDataDir: C:\Users\91959\AppData\Loca...}, goog:chromeOptions: {debuggerAddress: localhost:54125}, javascriptEnabled: true, networkConnectionEnabled: false, pageLoadStrategy: normal, platform: WINDOWS, platformName: WINDOWS, proxy: Proxy(), setWindowRect: true, strictFileInteractability: false, timeouts: {implicit: 0, pageLoad: 300000, script: 30000}, unhandledPromptBehavior: dismiss and notify, webauthn:extension:credBlob: true, webauthn:extension:largeBlob: true, webauthn:virtualAuthenticators: true}
Session ID: 1bdc598ae4ea1f970c260e0d274b455d
*** Element info: {Using=xpath, value=//button[@class=&amp;apos;dwebCommonstyles_ButtonBase-sc-112ty3f-10 GuestDetailsBlockstyles_CustomButton-sc-1rzm4ar-6 KETBj blGWwt&amp;apos;]}">
      <![CDATA[org.openqa.selenium.NoSuchElementException: no such element: Unable to locate element: {"method":"xpath","selector":"//button[@class='dwebCommonstyles_ButtonBase-sc-112ty3f-10 GuestDetailsBlockstyles_CustomButton-sc-1rzm4ar-6 KETBj blGWwt']"}
  (Session info: chrome=96.0.4664.45)
For documentation on this error, please visit: https://www.seleniumhq.org/exceptions/no_such_element.html
Build info: version: '3.141.59', revision: 'e82be7d358', time: '2018-11-14T08:17:03'
System info: host: 'SOURABHSK', ip: '192.168.0.105', os.name: 'Windows 10', os.arch: 'amd64', os.version: '10.0', java.version: '1.8.0_311'
Driver info: org.openqa.selenium.chrome.ChromeDriver
Capabilities {acceptInsecureCerts: false, browserName: chrome, browserVersion: 96.0.4664.45, chrome: {chromedriverVersion: 96.0.4664.45 (76e4c1bb2ab46..., userDataDir: C:\Users\91959\AppData\Loca...}, goog:chromeOptions: {debuggerAddress: localhost:54125}, javascriptEnabled: true, networkConnectionEnabled: false, pageLoadStrategy: normal, platform: WINDOWS, platformName: WINDOWS, proxy: Proxy(), setWindowRect: true, strictFileInteractability: false, timeouts: {implicit: 0, pageLoad: 300000, script: 30000}, unhandledPromptBehavior: dismiss and notify, webauthn:extension:credBlob: true, webauthn:extension:largeBlob: true, webauthn:virtualAuthenticators: true}
Session ID: 1bdc598ae4ea1f970c260e0d274b455d
*** Element info: {Using=xpath, value=//button[@class='dwebCommonstyles_ButtonBase-sc-112ty3f-10 GuestDetailsBlockstyles_CustomButton-sc-1rzm4ar-6 KETBj blGWwt']}
at org.openqa.selenium.remote.http.W3CHttpResponseCodec.createException(W3CHttpResponseCodec.java:187)
at org.openqa.selenium.remote.http.W3CHttpResponseCodec.decode(W3CHttpResponseCodec.java:122)
at org.openqa.selenium.remote.http.W3CHttpResponseCodec.decode(W3CHttpResponseCodec.java:49)
at org.openqa.selenium.remote.HttpCommandExecutor.execute(HttpCommandExecutor.java:158)
at org.openqa.selenium.remote.service.DriverCommandExecutor.execute(DriverCommandExecutor.java:83)
at org.openqa.selenium.remote.RemoteWebDriver.execute(RemoteWebDriver.java:552)
at org.openqa.selenium.remote.RemoteWebDriver.findElement(RemoteWebDriver.java:323)
at org.openqa.selenium.remote.RemoteWebDriver.findElementByXPath(RemoteWebDriver.java:428)
at org.openqa.selenium.By$ByXPath.findElement(By.java:353)
at org.openqa.selenium.remote.RemoteWebDriver.findElement(RemoteWebDriver.java:315)
at com.pages.Hotelpage.booking(Hotelpage.java:83)
at com.pages.Hotelpage.bookingHotelinvalidmobileno(Hotelpage.java:117)
at com.tetscases.HotelTest.bookinghotelTestwithinvalidnumber(HotelTest.java:128)
at java.util.ArrayList.forEach(Unknown Source)
... Removed 31 stack frames]]>
    </failure>
  </testcase> <!-- bookinghotelTestwithinvalidnumber -->
  <testcase name="bookinghotelTestwithnoinput" time="19.824" classname="com.tetscases.HotelTest">
    <failure type="org.openqa.selenium.NoSuchElementException" message="no such element: Unable to locate element: {&amp;quot;method&amp;quot;:&amp;quot;xpath&amp;quot;,&amp;quot;selector&amp;quot;:&amp;quot;//button[@class=&amp;apos;dwebCommonstyles_ButtonBase-sc-112ty3f-10 GuestDetailsBlockstyles_CustomButton-sc-1rzm4ar-6 KETBj blGWwt&amp;apos;]&amp;quot;}
  (Session info: chrome=96.0.4664.45)
For documentation on this error, please visit: https://www.seleniumhq.org/exceptions/no_such_element.html
Build info: version: &amp;apos;3.141.59&amp;apos;, revision: &amp;apos;e82be7d358&amp;apos;, time: &amp;apos;2018-11-14T08:17:03&amp;apos;
System info: host: &amp;apos;SOURABHSK&amp;apos;, ip: &amp;apos;192.168.0.105&amp;apos;, os.name: &amp;apos;Windows 10&amp;apos;, os.arch: &amp;apos;amd64&amp;apos;, os.version: &amp;apos;10.0&amp;apos;, java.version: &amp;apos;1.8.0_311&amp;apos;
Driver info: org.openqa.selenium.chrome.ChromeDriver
Capabilities {acceptInsecureCerts: false, browserName: chrome, browserVersion: 96.0.4664.45, chrome: {chromedriverVersion: 96.0.4664.45 (76e4c1bb2ab46..., userDataDir: C:\Users\91959\AppData\Loca...}, goog:chromeOptions: {debuggerAddress: localhost:54221}, javascriptEnabled: true, networkConnectionEnabled: false, pageLoadStrategy: normal, platform: WINDOWS, platformName: WINDOWS, proxy: Proxy(), setWindowRect: true, strictFileInteractability: false, timeouts: {implicit: 0, pageLoad: 300000, script: 30000}, unhandledPromptBehavior: dismiss and notify, webauthn:extension:credBlob: true, webauthn:extension:largeBlob: true, webauthn:virtualAuthenticators: true}
Session ID: b870a969bbb259d0ae04fce5c19309d1
*** Element info: {Using=xpath, value=//button[@class=&amp;apos;dwebCommonstyles_ButtonBase-sc-112ty3f-10 GuestDetailsBlockstyles_CustomButton-sc-1rzm4ar-6 KETBj blGWwt&amp;apos;]}">
      <![CDATA[org.openqa.selenium.NoSuchElementException: no such element: Unable to locate element: {"method":"xpath","selector":"//button[@class='dwebCommonstyles_ButtonBase-sc-112ty3f-10 GuestDetailsBlockstyles_CustomButton-sc-1rzm4ar-6 KETBj blGWwt']"}
  (Session info: chrome=96.0.4664.45)
For documentation on this error, please visit: https://www.seleniumhq.org/exceptions/no_such_element.html
Build info: version: '3.141.59', revision: 'e82be7d358', time: '2018-11-14T08:17:03'
System info: host: 'SOURABHSK', ip: '192.168.0.105', os.name: 'Windows 10', os.arch: 'amd64', os.version: '10.0', java.version: '1.8.0_311'
Driver info: org.openqa.selenium.chrome.ChromeDriver
Capabilities {acceptInsecureCerts: false, browserName: chrome, browserVersion: 96.0.4664.45, chrome: {chromedriverVersion: 96.0.4664.45 (76e4c1bb2ab46..., userDataDir: C:\Users\91959\AppData\Loca...}, goog:chromeOptions: {debuggerAddress: localhost:54221}, javascriptEnabled: true, networkConnectionEnabled: false, pageLoadStrategy: normal, platform: WINDOWS, platformName: WINDOWS, proxy: Proxy(), setWindowRect: true, strictFileInteractability: false, timeouts: {implicit: 0, pageLoad: 300000, script: 30000}, unhandledPromptBehavior: dismiss and notify, webauthn:extension:credBlob: true, webauthn:extension:largeBlob: true, webauthn:virtualAuthenticators: true}
Session ID: b870a969bbb259d0ae04fce5c19309d1
*** Element info: {Using=xpath, value=//button[@class='dwebCommonstyles_ButtonBase-sc-112ty3f-10 GuestDetailsBlockstyles_CustomButton-sc-1rzm4ar-6 KETBj blGWwt']}
at org.openqa.selenium.remote.http.W3CHttpResponseCodec.createException(W3CHttpResponseCodec.java:187)
at org.openqa.selenium.remote.http.W3CHttpResponseCodec.decode(W3CHttpResponseCodec.java:122)
at org.openqa.selenium.remote.http.W3CHttpResponseCodec.decode(W3CHttpResponseCodec.java:49)
at org.openqa.selenium.remote.HttpCommandExecutor.execute(HttpCommandExecutor.java:158)
at org.openqa.selenium.remote.service.DriverCommandExecutor.execute(DriverCommandExecutor.java:83)
at org.openqa.selenium.remote.RemoteWebDriver.execute(RemoteWebDriver.java:552)
at org.openqa.selenium.remote.RemoteWebDriver.findElement(RemoteWebDriver.java:323)
at org.openqa.selenium.remote.RemoteWebDriver.findElementByXPath(RemoteWebDriver.java:428)
at org.openqa.selenium.By$ByXPath.findElement(By.java:353)
at org.openqa.selenium.remote.RemoteWebDriver.findElement(RemoteWebDriver.java:315)
at com.pages.Hotelpage.booking(Hotelpage.java:83)
at com.pages.Hotelpage.bookingHotelnoinput(Hotelpage.java:132)
at com.tetscases.HotelTest.bookinghotelTestwithnoinput(HotelTest.java:135)
at java.util.ArrayList.forEach(Unknown Source)
... Removed 31 stack frames]]>
    </failure>
  </testcase> <!-- bookinghotelTestwithnoinput -->
</testsuite> <!-- Test -->
