<!DOCTYPE html PUBLIC "-//W3C//DTD XHTML 1.1//EN" "https://www.w3.org/TR/xhtml11/DTD/xhtml11.dtd">
<html xmlns="https://www.w3.org/1999/xhtml">
<head>
<meta http-equiv="content-type" content="text/html; charset=UTF-8"/>
<title>TestNG Report</title>
<style type="text/css">table {margin-bottom:10px;border-collapse:collapse;empty-cells:show}th,td {border:1px solid #009;padding:.25em .5em}th {vertical-align:bottom}td {vertical-align:top}table a {font-weight:bold}.stripe td {background-color: #E6EBF9}.num {text-align:right}.passedodd td {background-color: #3F3}.passedeven td {background-color: #0A0}.skippedodd td {background-color: #DDD}.skippedeven td {background-color: #CCC}.failedodd td,.attn {background-color: #F33}.failedeven td,.stripe .attn {background-color: #D00}.stacktrace {white-space:pre;font-family:monospace}.totop {font-size:85%;text-align:center;border-bottom:2px solid #000}.invisible {display:none}</style>
</head>
<body>
<table>
<tr><th>Test</th><th># Passed</th><th># Skipped</th><th># Retried</th><th># Failed</th><th>Time (ms)</th><th>Included Groups</th><th>Excluded Groups</th></tr>
<tr><th colspan="8">Suite</th></tr>
<tr><td><a href="#t0">Test</a></td><td class="num">22</td><td class="num">0</td><td class="num">0</td><td class="num attn">4</td><td class="num">383,900</td><td></td><td></td></tr>
</table>
<table id='summary'><thead><tr><th>Class</th><th>Method</th><th>Start</th><th>Time (ms)</th></tr></thead><tbody><tr><th colspan="4">Suite</th></tr></tbody><tbody id="t0"><tr><th colspan="4">Test &#8212; failed</th></tr><tr class="failedeven"><td rowspan="4">com.tetscases.HotelTest</td><td><a href="#m0">bookinghotelTest</a></td><td rowspan="1">1638875841598</td><td rowspan="1">16681</td></tr><tr class="failedeven"><td><a href="#m1">bookinghotelTestwithinvalidemail</a></td><td rowspan="1">1638875865616</td><td rowspan="1">19453</td></tr><tr class="failedeven"><td><a href="#m2">bookinghotelTestwithinvalidnumber</a></td><td rowspan="1">1638875892619</td><td rowspan="1">19691</td></tr><tr class="failedeven"><td><a href="#m3">bookinghotelTestwithnoinput</a></td><td rowspan="1">1638875919373</td><td rowspan="1">19824</td></tr><tr><th colspan="4">Test &#8212; passed</th></tr><tr class="passedeven"><td rowspan="10">com.tetscases.FlightSearchingTest</td><td><a href="#m4">validatingBookButtonTest</a></td><td rowspan="1">1638875670940</td><td rowspan="1">8272</td></tr><tr class="passedeven"><td><a href="#m5">validatingDestinationTest</a></td><td rowspan="1">1638875640359</td><td rowspan="1">5111</td></tr><tr class="passedeven"><td><a href="#m6">validatingFlightSearchTest</a></td><td rowspan="1">1638875607056</td><td rowspan="1">7177</td></tr><tr class="passedeven"><td><a href="#m7">validatingFromSearchTest</a></td><td rowspan="1">1638875629808</td><td rowspan="1">5170</td></tr><tr class="passedeven"><td><a href="#m8">validatingInvalidDetailsTest</a></td><td rowspan="1">1638875702888</td><td rowspan="1">9934</td></tr><tr class="passedeven"><td><a href="#m9">validatingInvalidSearchTest</a></td><td rowspan="1">1638875619452</td><td rowspan="1">5109</td></tr><tr class="passedeven"><td><a href="#m10">validatingPaymentPageTest</a></td><td rowspan="1">1638875718464</td><td rowspan="1">10439</td></tr><tr class="passedeven"><td><a href="#m11">validatingPersonalDeatilsTest</a></td><td rowspan="1">1638875684935</td><td rowspan="1">13014</td></tr><tr class="passedeven"><td><a href="#m12">validatingSearchTest</a></td><td rowspan="1">1638875660519</td><td rowspan="1">4890</td></tr><tr class="passedeven"><td><a href="#m13">validingSameSearchTest</a></td><td rowspan="1">1638875650390</td><td rowspan="1">5079</td></tr><tr class="passedodd"><td rowspan="6">com.tetscases.HotelTest</td><td><a href="#m14">invaliadteinputTest</a></td><td rowspan="1">1638875808118</td><td rowspan="1">645</td></tr><tr class="passedodd"><td><a href="#m15">noinputTest</a></td><td rowspan="1">1638875815992</td><td rowspan="1">386</td></tr><tr class="passedodd"><td><a href="#m16">searchfieldTest</a></td><td rowspan="1">1638875790384</td><td rowspan="1">344</td></tr><tr class="passedodd"><td><a href="#m17">selecthotel</a></td><td rowspan="1">1638875823825</td><td rowspan="1">10187</td></tr><tr class="passedodd"><td><a href="#m18">valiadteTitle</a></td><td rowspan="1">1638875783097</td><td rowspan="1">314</td></tr><tr class="passedodd"><td><a href="#m19">valiadteinputTest</a></td><td rowspan="1">1638875798115</td><td rowspan="1">2923</td></tr><tr class="passedeven"><td rowspan="3">com.tetscases.LoginPageTest</td><td><a href="#m20">ValidateLoginwithInvalidMobile</a></td><td rowspan="1">1638875563368</td><td rowspan="1">713</td></tr><tr class="passedeven"><td><a href="#m21">ValidateLoginwithValidMobileValidOtp</a></td><td rowspan="1">1638875588094</td><td rowspan="1">13578</td></tr><tr class="passedeven"><td><a href="#m22">validateLoginwithValidMobileInvalidOtp</a></td><td rowspan="1">1638875569381</td><td rowspan="1">13041</td></tr><tr class="passedodd"><td rowspan="3">com.tetscases.SignupTest</td><td><a href="#m23">ValidateSignUpwithInvalidMobile</a></td><td rowspan="1">1638875734048</td><td rowspan="1">709</td></tr><tr class="passedodd"><td><a href="#m24">ValidateSignUpwithValidMobileValidOtp</a></td><td rowspan="1">1638875754797</td><td rowspan="1">20916</td></tr><tr class="passedodd"><td><a href="#m25">validateSignUpwithValidMobileInvalidOtp</a></td><td rowspan="1">1638875739841</td><td rowspan="1">8482</td></tr></tbody>
</table>
<h2>Test</h2><h3 id="m0">com.tetscases.HotelTest#bookinghotelTest</h3><table class="result"><tr><th>Exception</th></tr><tr><td><div class="stacktrace">java.lang.IllegalArgumentException: Keys to send should be a not null CharSequence
	at org.openqa.selenium.remote.RemoteWebElement.sendKeys(RemoteWebElement.java:97)
	at com.pages.Hotelpage.booking(Hotelpage.java:82)
	at com.pages.Hotelpage.bookingHotel(Hotelpage.java:91)
	at com.tetscases.HotelTest.bookinghotelTest(HotelTest.java:103)
	at java.util.ArrayList.forEach(Unknown Source)
... Removed 27 stack frames</div></td></tr></table><p class="totop"><a href="#summary">back to summary</a></p>
<h3 id="m1">com.tetscases.HotelTest#bookinghotelTestwithinvalidemail</h3><table class="result"><tr><th>Exception</th></tr><tr><td><div class="stacktrace">org.openqa.selenium.NoSuchElementException: no such element: Unable to locate element: {&quot;method&quot;:&quot;xpath&quot;,&quot;selector&quot;:&quot;//button[@class=&apos;dwebCommonstyles_ButtonBase-sc-112ty3f-10 GuestDetailsBlockstyles_CustomButton-sc-1rzm4ar-6 KETBj blGWwt&apos;]&quot;}
  (Session info: chrome=96.0.4664.45)
For documentation on this error, please visit: https://www.seleniumhq.org/exceptions/no_such_element.html
Build info: version: &apos;3.141.59&apos;, revision: &apos;e82be7d358&apos;, time: &apos;2018-11-14T08:17:03&apos;
System info: host: &apos;SOURABHSK&apos;, ip: &apos;192.168.0.105&apos;, os.name: &apos;Windows 10&apos;, os.arch: &apos;amd64&apos;, os.version: &apos;10.0&apos;, java.version: &apos;1.8.0_311&apos;
Driver info: org.openqa.selenium.chrome.ChromeDriver
Capabilities {acceptInsecureCerts: false, browserName: chrome, browserVersion: 96.0.4664.45, chrome: {chromedriverVersion: 96.0.4664.45 (76e4c1bb2ab46..., userDataDir: C:\Users\91959\AppData\Loca...}, goog:chromeOptions: {debuggerAddress: localhost:54039}, javascriptEnabled: true, networkConnectionEnabled: false, pageLoadStrategy: normal, platform: WINDOWS, platformName: WINDOWS, proxy: Proxy(), setWindowRect: true, strictFileInteractability: false, timeouts: {implicit: 0, pageLoad: 300000, script: 30000}, unhandledPromptBehavior: dismiss and notify, webauthn:extension:credBlob: true, webauthn:extension:largeBlob: true, webauthn:virtualAuthenticators: true}
Session ID: 9680355b7b40020fc86f255c0dc04c77
*** Element info: {Using=xpath, value=//button[@class=&apos;dwebCommonstyles_ButtonBase-sc-112ty3f-10 GuestDetailsBlockstyles_CustomButton-sc-1rzm4ar-6 KETBj blGWwt&apos;]}
	at org.openqa.selenium.remote.http.W3CHttpResponseCodec.createException(W3CHttpResponseCodec.java:187)
	at org.openqa.selenium.remote.http.W3CHttpResponseCodec.decode(W3CHttpResponseCodec.java:122)
	at org.openqa.selenium.remote.http.W3CHttpResponseCodec.decode(W3CHttpResponseCodec.java:49)
	at org.openqa.selenium.remote.HttpCommandExecutor.execute(HttpCommandExecutor.java:158)
	at org.openqa.selenium.remote.service.DriverCommandExecutor.execute(DriverCommandExecutor.java:83)
	at org.openqa.selenium.remote.RemoteWebDriver.execute(RemoteWebDriver.java:552)
	at org.openqa.selenium.remote.RemoteWebDriver.findElement(RemoteWebDriver.java:323)
	at org.openqa.selenium.remote.RemoteWebDriver.findElementByXPath(RemoteWebDriver.java:428)
	at org.openqa.selenium.By$ByXPath.findElement(By.java:353)
	at org.openqa.selenium.remote.RemoteWebDriver.findElement(RemoteWebDriver.java:315)
	at com.pages.Hotelpage.booking(Hotelpage.java:83)
	at com.pages.Hotelpage.bookingHotelinvalidemailid(Hotelpage.java:105)
	at com.tetscases.HotelTest.bookinghotelTestwithinvalidemail(HotelTest.java:116)
	at java.util.ArrayList.forEach(Unknown Source)
... Removed 31 stack frames</div></td></tr></table><p class="totop"><a href="#summary">back to summary</a></p>
<h3 id="m2">com.tetscases.HotelTest#bookinghotelTestwithinvalidnumber</h3><table class="result"><tr><th>Exception</th></tr><tr><td><div class="stacktrace">org.openqa.selenium.NoSuchElementException: no such element: Unable to locate element: {&quot;method&quot;:&quot;xpath&quot;,&quot;selector&quot;:&quot;//button[@class=&apos;dwebCommonstyles_ButtonBase-sc-112ty3f-10 GuestDetailsBlockstyles_CustomButton-sc-1rzm4ar-6 KETBj blGWwt&apos;]&quot;}
  (Session info: chrome=96.0.4664.45)
For documentation on this error, please visit: https://www.seleniumhq.org/exceptions/no_such_element.html
Build info: version: &apos;3.141.59&apos;, revision: &apos;e82be7d358&apos;, time: &apos;2018-11-14T08:17:03&apos;
System info: host: &apos;SOURABHSK&apos;, ip: &apos;192.168.0.105&apos;, os.name: &apos;Windows 10&apos;, os.arch: &apos;amd64&apos;, os.version: &apos;10.0&apos;, java.version: &apos;1.8.0_311&apos;
Driver info: org.openqa.selenium.chrome.ChromeDriver
Capabilities {acceptInsecureCerts: false, browserName: chrome, browserVersion: 96.0.4664.45, chrome: {chromedriverVersion: 96.0.4664.45 (76e4c1bb2ab46..., userDataDir: C:\Users\91959\AppData\Loca...}, goog:chromeOptions: {debuggerAddress: localhost:54125}, javascriptEnabled: true, networkConnectionEnabled: false, pageLoadStrategy: normal, platform: WINDOWS, platformName: WINDOWS, proxy: Proxy(), setWindowRect: true, strictFileInteractability: false, timeouts: {implicit: 0, pageLoad: 300000, script: 30000}, unhandledPromptBehavior: dismiss and notify, webauthn:extension:credBlob: true, webauthn:extension:largeBlob: true, webauthn:virtualAuthenticators: true}
Session ID: 1bdc598ae4ea1f970c260e0d274b455d
*** Element info: {Using=xpath, value=//button[@class=&apos;dwebCommonstyles_ButtonBase-sc-112ty3f-10 GuestDetailsBlockstyles_CustomButton-sc-1rzm4ar-6 KETBj blGWwt&apos;]}
	at org.openqa.selenium.remote.http.W3CHttpResponseCodec.createException(W3CHttpResponseCodec.java:187)
	at org.openqa.selenium.remote.http.W3CHttpResponseCodec.decode(W3CHttpResponseCodec.java:122)
	at org.openqa.selenium.remote.http.W3CHttpResponseCodec.decode(W3CHttpResponseCodec.java:49)
	at org.openqa.selenium.remote.HttpCommandExecutor.execute(HttpCommandExecutor.java:158)
	at org.openqa.selenium.remote.service.DriverCommandExecutor.execute(DriverCommandExecutor.java:83)
	at org.openqa.selenium.remote.RemoteWebDriver.execute(RemoteWebDriver.java:552)
	at org.openqa.selenium.remote.RemoteWebDriver.findElement(RemoteWebDriver.java:323)
	at org.openqa.selenium.remote.RemoteWebDriver.findElementByXPath(RemoteWebDriver.java:428)
	at org.openqa.selenium.By$ByXPath.findElement(By.java:353)
	at org.openqa.selenium.remote.RemoteWebDriver.findElement(RemoteWebDriver.java:315)
	at com.pages.Hotelpage.booking(Hotelpage.java:83)
	at com.pages.Hotelpage.bookingHotelinvalidmobileno(Hotelpage.java:117)
	at com.tetscases.HotelTest.bookinghotelTestwithinvalidnumber(HotelTest.java:128)
	at java.util.ArrayList.forEach(Unknown Source)
... Removed 31 stack frames</div></td></tr></table><p class="totop"><a href="#summary">back to summary</a></p>
<h3 id="m3">com.tetscases.HotelTest#bookinghotelTestwithnoinput</h3><table class="result"><tr><th>Exception</th></tr><tr><td><div class="stacktrace">org.openqa.selenium.NoSuchElementException: no such element: Unable to locate element: {&quot;method&quot;:&quot;xpath&quot;,&quot;selector&quot;:&quot;//button[@class=&apos;dwebCommonstyles_ButtonBase-sc-112ty3f-10 GuestDetailsBlockstyles_CustomButton-sc-1rzm4ar-6 KETBj blGWwt&apos;]&quot;}
  (Session info: chrome=96.0.4664.45)
For documentation on this error, please visit: https://www.seleniumhq.org/exceptions/no_such_element.html
Build info: version: &apos;3.141.59&apos;, revision: &apos;e82be7d358&apos;, time: &apos;2018-11-14T08:17:03&apos;
System info: host: &apos;SOURABHSK&apos;, ip: &apos;192.168.0.105&apos;, os.name: &apos;Windows 10&apos;, os.arch: &apos;amd64&apos;, os.version: &apos;10.0&apos;, java.version: &apos;1.8.0_311&apos;
Driver info: org.openqa.selenium.chrome.ChromeDriver
Capabilities {acceptInsecureCerts: false, browserName: chrome, browserVersion: 96.0.4664.45, chrome: {chromedriverVersion: 96.0.4664.45 (76e4c1bb2ab46..., userDataDir: C:\Users\91959\AppData\Loca...}, goog:chromeOptions: {debuggerAddress: localhost:54221}, javascriptEnabled: true, networkConnectionEnabled: false, pageLoadStrategy: normal, platform: WINDOWS, platformName: WINDOWS, proxy: Proxy(), setWindowRect: true, strictFileInteractability: false, timeouts: {implicit: 0, pageLoad: 300000, script: 30000}, unhandledPromptBehavior: dismiss and notify, webauthn:extension:credBlob: true, webauthn:extension:largeBlob: true, webauthn:virtualAuthenticators: true}
Session ID: b870a969bbb259d0ae04fce5c19309d1
*** Element info: {Using=xpath, value=//button[@class=&apos;dwebCommonstyles_ButtonBase-sc-112ty3f-10 GuestDetailsBlockstyles_CustomButton-sc-1rzm4ar-6 KETBj blGWwt&apos;]}
	at org.openqa.selenium.remote.http.W3CHttpResponseCodec.createException(W3CHttpResponseCodec.java:187)
	at org.openqa.selenium.remote.http.W3CHttpResponseCodec.decode(W3CHttpResponseCodec.java:122)
	at org.openqa.selenium.remote.http.W3CHttpResponseCodec.decode(W3CHttpResponseCodec.java:49)
	at org.openqa.selenium.remote.HttpCommandExecutor.execute(HttpCommandExecutor.java:158)
	at org.openqa.selenium.remote.service.DriverCommandExecutor.execute(DriverCommandExecutor.java:83)
	at org.openqa.selenium.remote.RemoteWebDriver.execute(RemoteWebDriver.java:552)
	at org.openqa.selenium.remote.RemoteWebDriver.findElement(RemoteWebDriver.java:323)
	at org.openqa.selenium.remote.RemoteWebDriver.findElementByXPath(RemoteWebDriver.java:428)
	at org.openqa.selenium.By$ByXPath.findElement(By.java:353)
	at org.openqa.selenium.remote.RemoteWebDriver.findElement(RemoteWebDriver.java:315)
	at com.pages.Hotelpage.booking(Hotelpage.java:83)
	at com.pages.Hotelpage.bookingHotelnoinput(Hotelpage.java:132)
	at com.tetscases.HotelTest.bookinghotelTestwithnoinput(HotelTest.java:135)
	at java.util.ArrayList.forEach(Unknown Source)
... Removed 31 stack frames</div></td></tr></table><p class="totop"><a href="#summary">back to summary</a></p>
<h3 id="m4">com.tetscases.FlightSearchingTest#validatingBookButtonTest</h3><table class="result"><tr><th class="invisible"/></tr></table><p class="totop"><a href="#summary">back to summary</a></p>
<h3 id="m5">com.tetscases.FlightSearchingTest#validatingDestinationTest</h3><table class="result"><tr><th class="invisible"/></tr></table><p class="totop"><a href="#summary">back to summary</a></p>
<h3 id="m6">com.tetscases.FlightSearchingTest#validatingFlightSearchTest</h3><table class="result"><tr><th class="invisible"/></tr></table><p class="totop"><a href="#summary">back to summary</a></p>
<h3 id="m7">com.tetscases.FlightSearchingTest#validatingFromSearchTest</h3><table class="result"><tr><th class="invisible"/></tr></table><p class="totop"><a href="#summary">back to summary</a></p>
<h3 id="m8">com.tetscases.FlightSearchingTest#validatingInvalidDetailsTest</h3><table class="result"><tr><th class="invisible"/></tr></table><p class="totop"><a href="#summary">back to summary</a></p>
<h3 id="m9">com.tetscases.FlightSearchingTest#validatingInvalidSearchTest</h3><table class="result"><tr><th class="invisible"/></tr></table><p class="totop"><a href="#summary">back to summary</a></p>
<h3 id="m10">com.tetscases.FlightSearchingTest#validatingPaymentPageTest</h3><table class="result"><tr><th class="invisible"/></tr></table><p class="totop"><a href="#summary">back to summary</a></p>
<h3 id="m11">com.tetscases.FlightSearchingTest#validatingPersonalDeatilsTest</h3><table class="result"><tr><th class="invisible"/></tr></table><p class="totop"><a href="#summary">back to summary</a></p>
<h3 id="m12">com.tetscases.FlightSearchingTest#validatingSearchTest</h3><table class="result"><tr><th class="invisible"/></tr></table><p class="totop"><a href="#summary">back to summary</a></p>
<h3 id="m13">com.tetscases.FlightSearchingTest#validingSameSearchTest</h3><table class="result"><tr><th class="invisible"/></tr></table><p class="totop"><a href="#summary">back to summary</a></p>
<h3 id="m14">com.tetscases.HotelTest#invaliadteinputTest</h3><table class="result"><tr><th class="invisible"/></tr></table><p class="totop"><a href="#summary">back to summary</a></p>
<h3 id="m15">com.tetscases.HotelTest#noinputTest</h3><table class="result"><tr><th class="invisible"/></tr></table><p class="totop"><a href="#summary">back to summary</a></p>
<h3 id="m16">com.tetscases.HotelTest#searchfieldTest</h3><table class="result"><tr><th class="invisible"/></tr></table><p class="totop"><a href="#summary">back to summary</a></p>
<h3 id="m17">com.tetscases.HotelTest#selecthotel</h3><table class="result"><tr><th class="invisible"/></tr></table><p class="totop"><a href="#summary">back to summary</a></p>
<h3 id="m18">com.tetscases.HotelTest#valiadteTitle</h3><table class="result"><tr><th class="invisible"/></tr></table><p class="totop"><a href="#summary">back to summary</a></p>
<h3 id="m19">com.tetscases.HotelTest#valiadteinputTest</h3><table class="result"><tr><th class="invisible"/></tr></table><p class="totop"><a href="#summary">back to summary</a></p>
<h3 id="m20">com.tetscases.LoginPageTest#ValidateLoginwithInvalidMobile</h3><table class="result"><tr><th class="invisible"/></tr></table><p class="totop"><a href="#summary">back to summary</a></p>
<h3 id="m21">com.tetscases.LoginPageTest#ValidateLoginwithValidMobileValidOtp</h3><table class="result"><tr><th class="invisible"/></tr></table><p class="totop"><a href="#summary">back to summary</a></p>
<h3 id="m22">com.tetscases.LoginPageTest#validateLoginwithValidMobileInvalidOtp</h3><table class="result"><tr><th class="invisible"/></tr></table><p class="totop"><a href="#summary">back to summary</a></p>
<h3 id="m23">com.tetscases.SignupTest#ValidateSignUpwithInvalidMobile</h3><table class="result"><tr><th class="invisible"/></tr></table><p class="totop"><a href="#summary">back to summary</a></p>
<h3 id="m24">com.tetscases.SignupTest#ValidateSignUpwithValidMobileValidOtp</h3><table class="result"><tr><th class="invisible"/></tr></table><p class="totop"><a href="#summary">back to summary</a></p>
<h3 id="m25">com.tetscases.SignupTest#validateSignUpwithValidMobileInvalidOtp</h3><table class="result"><tr><th class="invisible"/></tr></table><p class="totop"><a href="#summary">back to summary</a></p>
</body>
</html>
